<?xml version="1.0" encoding="UTF-8"?>
<testng-results ignored="0" total="2" passed="2" failed="0" skipped="0">
  <reporter-output>
  </reporter-output>
  <suite started-at="2026-02-11T09:14:15 IST" name="Default suite" finished-at="2026-02-11T09:14:26 IST" duration-ms="10532">
    <groups>
    </groups>
    <test started-at="2026-02-11T09:14:15 IST" name="Default test" finished-at="2026-02-11T09:14:26 IST" duration-ms="10532">
      <class name="com.DataDriven">
        <test-method is-config="true" signature="openBrowser()[pri:0, instance:com.DataDriven@55fe41ea]" started-at="2026-02-11T09:14:16 IST" name="openBrowser" finished-at="2026-02-11T09:14:18 IST" duration-ms="1868" status="PASS">
          <reporter-output>
          </reporter-output>
        </test-method> <!-- openBrowser -->
        <test-method signature="logintest(java.lang.String,java.lang.String)[pri:0, instance:com.DataDriven@55fe41ea]" started-at="2026-02-11T09:14:18 IST" name="logintest" data-provider="dp" finished-at="2026-02-11T09:14:21 IST" duration-ms="3139" status="PASS">
          <params>
            <param index="0">
              <value>
                <![CDATA[abc@gmail.com]]>
              </value>
            </param>
            <param index="1">
              <value>
                <![CDATA[abc@123]]>
              </value>
            </param>
          </params>
          <reporter-output>
          </reporter-output>
        </test-method> <!-- logintest -->
        <test-method is-config="true" signature="openBrowser()[pri:0, instance:com.DataDriven@55fe41ea]" started-at="2026-02-11T09:14:21 IST" name="openBrowser" finished-at="2026-02-11T09:14:22 IST" duration-ms="1672" status="PASS">
          <reporter-output>
          </reporter-output>
        </test-method> <!-- openBrowser -->
        <test-method signature="logintest(java.lang.String,java.lang.String)[pri:0, instance:com.DataDriven@55fe41ea]" started-at="2026-02-11T09:14:22 IST" name="logintest" data-provider="dp" finished-at="2026-02-11T09:14:26 IST" duration-ms="3129" status="PASS">
          <params>
            <param index="0">
              <value>
                <![CDATA[xyz@gmail.com]]>
              </value>
            </param>
            <param index="1">
              <value>
                <![CDATA[xyz@123]]>
              </value>
            </param>
          </params>
          <reporter-output>
          </reporter-output>
        </test-method> <!-- logintest -->
      </class> <!-- com.DataDriven -->
    </test> <!-- Default test -->
  </suite> <!-- Default suite -->
</testng-results>
