<?xml version="1.0" encoding="UTF-8"?>
<testng-results ignored="0" total="4" passed="4" failed="0" skipped="0">
  <reporter-output>
  </reporter-output>
  <suite started-at="2026-02-09T08:56:46 IST" name="Default suite" finished-at="2026-02-09T08:56:53 IST" duration-ms="7059">
    <groups>
    </groups>
    <test started-at="2026-02-09T08:56:46 IST" name="Default test" finished-at="2026-02-09T08:56:53 IST" duration-ms="7059">
      <class name="dataProvider.DataProviderTest">
        <test-method is-config="true" signature="openBrowser()[pri:0, instance:dataProvider.DataProviderTest@6ed3ccb2]" started-at="2026-02-09T08:56:46 IST" name="openBrowser" finished-at="2026-02-09T08:56:48 IST" duration-ms="1766" status="PASS">
          <reporter-output>
          </reporter-output>
        </test-method> <!-- openBrowser -->
        <test-method signature="login(java.lang.String,java.lang.String)[pri:0, instance:dataProvider.DataProviderTest@6ed3ccb2]" started-at="2026-02-09T08:56:48 IST" name="login" data-provider="dp" finished-at="2026-02-09T08:56:48 IST" duration-ms="157" status="PASS">
          <params>
            <param index="0">
              <value>
                <![CDATA[correct@gmail.com]]>
              </value>
            </param>
            <param index="1">
              <value>
                <![CDATA[correct@123]]>
              </value>
            </param>
          </params>
          <reporter-output>
          </reporter-output>
        </test-method> <!-- login -->
        <test-method is-config="true" signature="openBrowser()[pri:0, instance:dataProvider.DataProviderTest@6ed3ccb2]" started-at="2026-02-09T08:56:48 IST" name="openBrowser" finished-at="2026-02-09T08:56:50 IST" duration-ms="1537" status="PASS">
          <reporter-output>
          </reporter-output>
        </test-method> <!-- openBrowser -->
        <test-method signature="login(java.lang.String,java.lang.String)[pri:0, instance:dataProvider.DataProviderTest@6ed3ccb2]" started-at="2026-02-09T08:56:50 IST" name="login" data-provider="dp" finished-at="2026-02-09T08:56:50 IST" duration-ms="135" status="PASS">
          <params>
            <param index="0">
              <value>
                <![CDATA[incorrect@gmail.com]]>
              </value>
            </param>
            <param index="1">
              <value>
                <![CDATA[correct@123]]>
              </value>
            </param>
          </params>
          <reporter-output>
          </reporter-output>
        </test-method> <!-- login -->
        <test-method is-config="true" signature="openBrowser()[pri:0, instance:dataProvider.DataProviderTest@6ed3ccb2]" started-at="2026-02-09T08:56:50 IST" name="openBrowser" finished-at="2026-02-09T08:56:51 IST" duration-ms="1463" status="PASS">
          <reporter-output>
          </reporter-output>
        </test-method> <!-- openBrowser -->
        <test-method signature="login(java.lang.String,java.lang.String)[pri:0, instance:dataProvider.DataProviderTest@6ed3ccb2]" started-at="2026-02-09T08:56:51 IST" name="login" data-provider="dp" finished-at="2026-02-09T08:56:52 IST" duration-ms="180" status="PASS">
          <params>
            <param index="0">
              <value>
                <![CDATA[correct@gmail.com]]>
              </value>
            </param>
            <param index="1">
              <value>
                <![CDATA[incorrect@123]]>
              </value>
            </param>
          </params>
          <reporter-output>
          </reporter-output>
        </test-method> <!-- login -->
        <test-method is-config="true" signature="openBrowser()[pri:0, instance:dataProvider.DataProviderTest@6ed3ccb2]" started-at="2026-02-09T08:56:52 IST" name="openBrowser" finished-at="2026-02-09T08:56:53 IST" duration-ms="1642" status="PASS">
          <reporter-output>
          </reporter-output>
        </test-method> <!-- openBrowser -->
        <test-method signature="login(java.lang.String,java.lang.String)[pri:0, instance:dataProvider.DataProviderTest@6ed3ccb2]" started-at="2026-02-09T08:56:53 IST" name="login" data-provider="dp" finished-at="2026-02-09T08:56:53 IST" duration-ms="135" status="PASS">
          <params>
            <param index="0">
              <value>
                <![CDATA[incorrect@gmail.com]]>
              </value>
            </param>
            <param index="1">
              <value>
                <![CDATA[incorrect@123]]>
              </value>
            </param>
          </params>
          <reporter-output>
          </reporter-output>
        </test-method> <!-- login -->
      </class> <!-- dataProvider.DataProviderTest -->
    </test> <!-- Default test -->
  </suite> <!-- Default suite -->
</testng-results>
