<?xml version="1.0" encoding="UTF-8"?>
<!-- Generated by org.testng.reporters.JUnitXMLReporter -->
<testsuite ignored="0" hostname="DESKTOP-ID316MU" failures="0" tests="4" name="Default test" time="7.059" errors="0" timestamp="2026-02-09T08:56:53 IST">
  <testcase classname="dataProvider.DataProviderTest" name="login" time="0.157"/>
  <testcase classname="dataProvider.DataProviderTest" name="login" time="0.135"/>
  <testcase classname="dataProvider.DataProviderTest" name="login" time="0.18"/>
  <testcase classname="dataProvider.DataProviderTest" name="login" time="0.135"/>
</testsuite> <!-- Default test -->
