<?xml version="1.0" encoding="UTF-8"?>
<!-- Generated by org.testng.reporters.JUnitXMLReporter -->
<testsuite ignored="0" hostname="DESKTOP-ID316MU" failures="0" tests="4" name="Default test" time="0.062" errors="0" timestamp="2026-02-02T09:12:42 IST">
  <testcase classname="hospital.Patient" name="changePassword" time="0.009"/>
  <testcase classname="hospital.Patient" name="createAccount" time="0.001"/>
  <testcase classname="hospital.Patient" name="login" time="0.002"/>
  <testcase classname="hospital.Patient" name="logout" time="0.001"/>
</testsuite> <!-- Default test -->
