<?xml version="1.0" encoding="UTF-8"?>
<testng-results ignored="0" total="1" passed="1" failed="0" skipped="0">
  <reporter-output>
  </reporter-output>
  <suite started-at="2023-02-21T15:16:27 IST" name="Default suite" finished-at="2023-02-21T15:16:56 IST" duration-ms="29294">
    <groups>
    </groups>
    <test started-at="2023-02-21T15:16:27 IST" name="Default test" finished-at="2023-02-21T15:16:56 IST" duration-ms="29294">
      <class name="com.mobile.MyFirstTest.eCommerce_tc_1">
        <test-method is-config="true" signature="ConfigureAppium()[pri:0, instance:com.mobile.MyFirstTest.eCommerce_tc_1@6c1a5b54]" started-at="2023-02-21T15:16:27 IST" name="ConfigureAppium" finished-at="2023-02-21T15:16:34 IST" duration-ms="6348" status="PASS">
          <reporter-output>
          </reporter-output>
        </test-method> <!-- ConfigureAppium -->
        <test-method signature="FillForm()[pri:0, instance:com.mobile.MyFirstTest.eCommerce_tc_1@6c1a5b54]" started-at="2023-02-21T15:16:34 IST" name="FillForm" finished-at="2023-02-21T15:16:56 IST" duration-ms="21965" status="PASS">
          <reporter-output>
          </reporter-output>
        </test-method> <!-- FillForm -->
        <test-method is-config="true" signature="tearDown()[pri:0, instance:com.mobile.MyFirstTest.eCommerce_tc_1@6c1a5b54]" started-at="2023-02-21T15:16:56 IST" name="tearDown" finished-at="2023-02-21T15:16:56 IST" duration-ms="956" status="PASS">
          <reporter-output>
          </reporter-output>
        </test-method> <!-- tearDown -->
      </class> <!-- com.mobile.MyFirstTest.eCommerce_tc_1 -->
    </test> <!-- Default test -->
  </suite> <!-- Default suite -->
</testng-results>
