<?xml version="1.0" encoding="UTF-8"?>
<!-- Generated by org.testng.reporters.JUnitXMLReporter -->
<testsuite ignored="0" hostname="DESKTOP-ID316MU" failures="0" tests="16" name="Test" time="0.095" errors="0" timestamp="2026-02-02T09:14:45 IST">
  <testcase classname="hospital.Doctor" name="changePassword" time="0.011"/>
  <testcase classname="hospital.Doctor" name="createAccount" time="0.002"/>
  <testcase classname="hospital.Doctor" name="login" time="0.001"/>
  <testcase classname="hospital.Doctor" name="logout" time="0.001"/>
  <testcase classname="hospital.PatientAppointment" name="bookAppointment" time="0.001"/>
  <testcase classname="hospital.PatientAppointment" name="checkAppointmentStatus" time="0.001"/>
  <testcase classname="hospital.PatientAppointment" name="filterDoctor" time="0.002"/>
  <testcase classname="hospital.PatientAppointment" name="searchDoctor" time="0.001"/>
  <testcase classname="hospital.Patient" name="changePassword" time="0.002"/>
  <testcase classname="hospital.Patient" name="createAccount" time="0.002"/>
  <testcase classname="hospital.Patient" name="login" time="0.002"/>
  <testcase classname="hospital.Patient" name="logout" time="0.001"/>
  <testcase classname="hospital.DoctorAppointment" name="approveAppointment" time="0.001"/>
  <testcase classname="hospital.DoctorAppointment" name="checkPendingBookings" time="0.001"/>
  <testcase classname="hospital.DoctorAppointment" name="givePrescription" time="0.0"/>
  <testcase classname="hospital.DoctorAppointment" name="searchPatient" time="0.0"/>
</testsuite> <!-- Test -->
