<?xml version="1.0" encoding="UTF-8"?>
<!-- Generated by org.testng.reporters.JUnitReportReporter -->
<testsuite hostname="DESKTOP-ID316MU" failures="0" tests="8" name="hospital.Doctor" time="0.019" errors="0" timestamp="2026-02-04T08:43:05 IST" skipped="0">
  <testcase classname="hospital.Doctor" name="changePassword" time="0.000"/>
  <testcase classname="hospital.Doctor" name="createAccount" time="0.001"/>
  <testcase classname="hospital.Doctor" name="logout" time="0.002"/>
  <testcase classname="hospital.Doctor" name="login" time="0.002"/>
  <testcase classname="hospital.Doctor" name="login" time="0.003"/>
  <testcase classname="hospital.Doctor" name="changePassword" time="0.009"/>
  <testcase classname="hospital.Doctor" name="createAccount" time="0.001"/>
  <testcase classname="hospital.Doctor" name="logout" time="0.001"/>
</testsuite> <!-- hospital.Doctor -->
