<?xml version="1.0" encoding="UTF-8"?>
<!-- Generated by org.testng.reporters.JUnitReportReporter -->
<testsuite hostname="DESKTOP-ID316MU" failures="0" tests="4" name="hospital.PatientAppointment" time="0.007" errors="0" timestamp="2026-02-02T09:15:33 IST" skipped="0">
  <testcase classname="hospital.PatientAppointment" name="checkAppointmentStatus" time="0.002"/>
  <testcase classname="hospital.PatientAppointment" name="filterDoctor" time="0.003"/>
  <testcase classname="hospital.PatientAppointment" name="searchDoctor" time="0.001"/>
  <testcase classname="hospital.PatientAppointment" name="bookAppointment" time="0.001"/>
</testsuite> <!-- hospital.PatientAppointment -->
