<?xml version="1.0" encoding="UTF-8"?>
<!-- Generated by org.testng.reporters.JUnitReportReporter -->
<testsuite hostname="DESKTOP-ID316MU" failures="0" tests="3" name="crossBrowser.CrossBrowser" time="7.050" errors="0" timestamp="2026-02-09T08:49:25 IST" skipped="0">
  <testcase classname="crossBrowser.CrossBrowser" name="browserTest" time="2.862"/>
  <testcase classname="crossBrowser.CrossBrowser" name="browserTest" time="2.321"/>
  <testcase classname="crossBrowser.CrossBrowser" name="browserTest" time="1.867"/>
</testsuite> <!-- crossBrowser.CrossBrowser -->
