<?xml version="1.0" encoding="UTF-8"?>
<!-- Generated by org.testng.reporters.JUnitReportReporter -->
<testsuite hostname="DESKTOP-ID316MU" failures="0" tests="8" name="hospital.DoctorAppointment" time="0.011" errors="0" timestamp="2026-02-02T09:15:33 IST" skipped="0">
  <testcase classname="hospital.DoctorAppointment" name="checkPendingBookings" time="0.001"/>
  <testcase classname="hospital.DoctorAppointment" name="searchPatient" time="0.002"/>
  <testcase classname="hospital.DoctorAppointment" name="approveAppointment" time="0.001"/>
  <testcase classname="hospital.DoctorAppointment" name="checkPendingBookings" time="0.001"/>
  <testcase classname="hospital.DoctorAppointment" name="givePrescription" time="0.002"/>
  <testcase classname="hospital.DoctorAppointment" name="approveAppointment" time="0.001"/>
  <testcase classname="hospital.DoctorAppointment" name="searchPatient" time="0.001"/>
  <testcase classname="hospital.DoctorAppointment" name="givePrescription" time="0.002"/>
</testsuite> <!-- hospital.DoctorAppointment -->
