<?xml version="1.0" encoding="UTF-8"?>
<!-- Generated by org.testng.reporters.JUnitReportReporter -->
<testsuite hostname="DESKTOP-ID316MU" failures="0" tests="6" name="basic.P002_Priority" time="0.019" errors="0" timestamp="2026-02-02T08:54:41 IST" skipped="0">
  <testcase classname="basic.P002_Priority" name="createAccount" time="0.009"/>
  <testcase classname="basic.P002_Priority" name="login" time="0.002"/>
  <testcase classname="basic.P002_Priority" name="profile" time="0.002"/>
  <testcase classname="basic.P002_Priority" name="changePassword" time="0.002"/>
  <testcase classname="basic.P002_Priority" name="forgotPassword" time="0.002"/>
  <testcase classname="basic.P002_Priority" name="logout" time="0.002"/>
</testsuite> <!-- basic.P002_Priority -->
