<?xml version="1.0" encoding="UTF-8"?>
<!-- Generated by org.testng.reporters.JUnitReportReporter -->
<testsuite hostname="DESKTOP-ID316MU" failures="0" tests="3" name="basic.P003_Dependency" time="0.012" errors="0" timestamp="2026-02-02T08:58:51 IST" skipped="0">
  <testcase classname="basic.P003_Dependency" name="createAccount" time="0.008"/>
  <testcase classname="basic.P003_Dependency" name="login" time="0.002"/>
  <testcase classname="basic.P003_Dependency" name="profileManage" time="0.002"/>
</testsuite> <!-- basic.P003_Dependency -->
