<?xml version="1.0" encoding="UTF-8"?>
<!-- Generated by org.testng.reporters.JUnitReportReporter -->
<testsuite hostname="DESKTOP-ID316MU" failures="0" tests="8" name="hospital.Patient" time="0.007" errors="0" timestamp="2026-02-02T09:15:33 IST" skipped="0">
  <testcase classname="hospital.Patient" name="changePassword" time="0.001"/>
  <testcase classname="hospital.Patient" name="createAccount" time="0.000"/>
  <testcase classname="hospital.Patient" name="login" time="0.001"/>
  <testcase classname="hospital.Patient" name="logout" time="0.001"/>
  <testcase classname="hospital.Patient" name="changePassword" time="0.001"/>
  <testcase classname="hospital.Patient" name="createAccount" time="0.001"/>
  <testcase classname="hospital.Patient" name="logout" time="0.001"/>
  <testcase classname="hospital.Patient" name="login" time="0.001"/>
</testsuite> <!-- hospital.Patient -->
