<?xml version="1.0" encoding="UTF-8"?>
<!-- Generated by org.testng.reporters.JUnitReportReporter -->
<testsuite hostname="DESKTOP-ID316MU" failures="0" tests="2" name="hospital.DoctorAppointment" time="0.004" errors="0" timestamp="2026-02-04T08:48:52 IST" skipped="0">
  <testcase classname="hospital.DoctorAppointment" name="approveAppointment" time="0.002"/>
  <testcase classname="hospital.DoctorAppointment" name="checkPendingBookings" time="0.002"/>
</testsuite> <!-- hospital.DoctorAppointment -->
