<?xml version="1.0" encoding="UTF-8"?>
<!-- Generated by org.testng.reporters.JUnitReportReporter -->
<testsuite hostname="DESKTOP-ID316MU" failures="0" tests="4" name="dataProvider.DataProviderTest" time="7.015" errors="0" timestamp="2026-02-09T08:56:53 IST" skipped="0">
  <testcase classname="dataProvider.DataProviderTest" name="login" time="1.901"/>
  <testcase classname="dataProvider.DataProviderTest" name="login" time="1.672"/>
  <testcase classname="dataProvider.DataProviderTest" name="login" time="1.643"/>
  <testcase classname="dataProvider.DataProviderTest" name="login" time="1.799"/>
</testsuite> <!-- dataProvider.DataProviderTest -->
